[UM] info: Database connection successful 2023-06-02T05:56:15.504Z
[UM] info: Server is listening on port 3000 2023-06-02T05:56:15.512Z
[UM] info: Database connection successful 2023-06-02T05:57:19.553Z
[UM] info: Server is listening on port 3000 2023-06-02T05:57:19.561Z
[UM] info: Database connection successful 2023-06-02T05:57:22.677Z
[UM] info: Server is listening on port 3000 2023-06-02T05:57:22.688Z
Fri Jun 02 2023 11:58:43 [UM] info: Database connection successful
Fri Jun 02 2023 11:58:43 [UM] info: Server is listening on port 3000
Fri Jun 02 2023 11:59:27 [UM] info: Database connection successful
Fri Jun 02 2023 11:59:27 [UM] info: Server is listening on port 3000
{
  message: 'Database connection successful',
  level: 'info',
  label: 'UM',
  timestamp: '2023-06-02T06:00:24.361Z'
}
{
  message: 'Server is listening on port 3000',
  level: 'info',
  label: 'UM',
  timestamp: '2023-06-02T06:00:24.370Z'
}
{
  message: 'Database connection successful',
  level: 'info',
  label: 'UM',
  timestamp: '2023-06-02T06:01:45.956Z'
}
{
  message: 'Server is listening on port 3000',
  level: 'info',
  label: 'UM',
  timestamp: '2023-06-02T06:01:45.961Z'
}
{
  message: 'Database connection successful',
  level: 'info',
  label: 'UM',
  timestamp: '2023-06-02T06:01:57.290Z'
}
{
  message: 'Server is listening on port 3000',
  level: 'info',
  label: 'UM',
  timestamp: '2023-06-02T06:01:57.299Z'
}
{
  message: 'Database connection successful',
  level: 'info',
  label: 'UM',
  timestamp: '2023-06-02T06:31:56.891Z'
}
{
  message: 'Server is listening on port 3000',
  level: 'info',
  label: 'UM',
  timestamp: '2023-06-02T06:31:56.905Z'
}
